0 info it worked if it ends with ok
1 verbose cli [ 'node',
1 verbose cli   '/usr/local/bin/npm',
1 verbose cli   'install',
1 verbose cli   'wiredep',
1 verbose cli   '--save-dev' ]
2 info using npm@1.4.28
3 info using node@v0.10.35
4 warn package.json karma-chrome-launcher@0.1.7 No README data
5 verbose readDependencies using package.json deps
6 verbose cache add [ 'wiredep', null ]
7 verbose cache add name=undefined spec="wiredep" args=["wiredep",null]
8 verbose parsed url { protocol: null,
8 verbose parsed url   slashes: null,
8 verbose parsed url   auth: null,
8 verbose parsed url   host: null,
8 verbose parsed url   port: null,
8 verbose parsed url   hostname: null,
8 verbose parsed url   hash: null,
8 verbose parsed url   search: null,
8 verbose parsed url   query: null,
8 verbose parsed url   pathname: 'wiredep',
8 verbose parsed url   path: 'wiredep',
8 verbose parsed url   href: 'wiredep' }
9 silly lockFile 3d71d023-wiredep wiredep
10 verbose lock wiredep /Users/canino_jories/.npm/3d71d023-wiredep.lock
11 silly lockFile 3d71d023-wiredep wiredep
12 silly lockFile 3d71d023-wiredep wiredep
13 verbose addNamed [ 'wiredep', '' ]
14 verbose addNamed [ null, '*' ]
15 silly lockFile 9502f354-wiredep wiredep@
16 verbose lock wiredep@ /Users/canino_jories/.npm/9502f354-wiredep.lock
17 silly addNameRange { name: 'wiredep', range: '*', hasData: false }
18 verbose request where is /wiredep
19 verbose request registry https://registry.npmjs.org/
20 verbose request id 64d5a8689ef7a3ca
21 verbose url raw /wiredep
22 verbose url resolving [ 'https://registry.npmjs.org/', './wiredep' ]
23 verbose url resolved https://registry.npmjs.org/wiredep
24 verbose request where is https://registry.npmjs.org/wiredep
25 info trying registry request attempt 1 at 11:36:29
26 http GET https://registry.npmjs.org/wiredep
27 info retry will retry, error on last attempt: Error: getaddrinfo ENOTFOUND
28 info trying registry request attempt 2 at 11:37:09
29 http GET https://registry.npmjs.org/wiredep
30 info retry will retry, error on last attempt: Error: getaddrinfo ENOTFOUND
31 info trying registry request attempt 3 at 11:38:39
32 http GET https://registry.npmjs.org/wiredep
33 silly lockFile 9502f354-wiredep wiredep@
34 silly lockFile 9502f354-wiredep wiredep@
35 error network getaddrinfo ENOTFOUND
35 error network This is most likely not a problem with npm itself
35 error network and is related to network connectivity.
35 error network In most cases you are behind a proxy or have bad network settings.
35 error network
35 error network If you are behind a proxy, please make sure that the
35 error network 'proxy' config is set properly.  See: 'npm help config'
36 error System Darwin 14.1.0
37 error command "node" "/usr/local/bin/npm" "install" "wiredep" "--save-dev"
38 error cwd /Users/canino_jories/Desktop/magens_boilerplate
39 error node -v v0.10.35
40 error npm -v 1.4.28
41 error syscall getaddrinfo
42 error code ENOTFOUND
43 error errno ENOTFOUND
44 verbose exit [ 1, true ]
